Script running!
Mon Jul  1 01:07:41 PM EDT 2024
skl-a-42.rc.rit.edu
Spack env activated
Mon Jul  1 01:07:51 PM EDT 2024
Blame dumping...
Mon Jul  1 01:07:51 PM EDT 2024
Starting task 0
Starting task 50
Starting task 100
Starting task 150
Starting task 200
Starting task 250
Starting task 300
Starting task 350
Starting task 400
Starting task 450
Starting task 500
Starting task 550
Starting task 600
Starting task 650
Starting task 700
Starting task 750
Starting task 800
Starting task 850
Starting task 900
Starting task 950
Starting task 1000
Starting task 1050
Starting task 1100
Starting task 1150
Starting task 1200
Starting task 1250
Starting task 1300
Starting task 1350
Starting task 1400
Starting task 1450
Starting task 1500
Starting task 1550
Starting task 1600
Starting task 1650
Starting task 1700
Starting task 1750
Starting task 1800
Starting task 1850
Starting task 1900
Starting task 1950
Starting task 2000
Starting task 2050
Starting task 2100
Starting task 2150
Starting task 2200
Starting task 2250
Starting task 2300
Starting task 2350
Starting task 2400
Starting task 2450
Starting task 2500
Starting task 2550
Starting task 2600
Starting task 2650
Starting task 2700
Starting task 2750
Starting task 2800
Starting task 2850
Starting task 2900
Starting task 2950
Starting task 3000
Starting task 3050
Starting task 3100
Starting task 3150
Starting task 3200
Starting task 3250
Starting task 3300
Starting task 3350
Starting task 3400
Starting task 3450
Starting task 3500
Starting task 3550
Starting task 3600
Starting task 3650
Starting task 3700
Starting task 3750
Starting task 3800
Starting task 3850
Starting task 3900
Starting task 3950
Starting task 4000
Starting task 4050
Starting task 4100
Starting task 4150
Starting task 4200
Starting task 4250
Starting task 4300
Starting task 4350
Starting task 4400
Starting task 4450
Starting task 4500
Starting task 4550
Starting task 4600
Starting task 4650
Starting task 4700
Starting task 4750
Starting task 4800
Starting task 4850
Starting task 4900
Starting task 4950
Starting task 5000
Starting task 5050
Starting task 5100
Starting task 5150
Starting task 5200
Starting task 5250
Starting task 5300
Starting task 5350
Starting task 5400
Starting task 5450
Starting task 5500
Starting task 5550
Starting task 5600
Starting task 5650
Starting task 5700
Starting task 5750
Starting task 5800
Starting task 5850
Starting task 5900
Starting task 5950
Starting task 6000
Starting task 6050
Starting task 6100
Starting task 6150
Starting task 6200
Starting task 6250
Starting task 6300
Starting task 6350
Starting task 6400
Starting task 6450
Starting task 6500
Starting task 6550
Starting task 6600
Starting task 6650
Starting task 6700
Starting task 6750
Starting task 6800
Starting task 6850
Starting task 6900
Starting task 6950
Starting task 7000
Starting task 7050
Starting task 7100
Starting task 7150
Starting task 7200
Starting task 7250
Starting task 7300
Starting task 7350
Starting task 7400
Starting task 7450
Starting task 7500
Starting task 7550
Starting task 7600
Starting task 7650
Starting task 7700
Starting task 7750
Starting task 7800
Starting task 7850
Starting task 7900
Starting task 7950
Starting task 8000
Starting task 8050
Starting task 8100
Starting task 8150
Starting task 8200
Starting task 8250
Starting task 8300
Starting task 8350
Starting task 8400
Starting task 8450
Starting task 8500
Starting task 8550
Starting task 8600
Starting task 8650
Starting task 8700
Starting task 8750
Starting task 8800
Starting task 8850
Starting task 8900
Starting task 8950
Starting task 9000
Starting task 9050
Starting task 9100
Starting task 9150
Starting task 9200
Starting task 9250
Starting task 9300
Starting task 9350
Starting task 9400
Starting task 9450
Starting task 9500
Starting task 9550
Starting task 9600
Starting task 9650
Starting task 9700
Starting task 9750
Starting task 9800
Starting task 9850
Starting task 9900
Starting task 9950
Starting task 10000
Starting task 10050
Starting task 10100
Starting task 10150
Starting task 10200
Starting task 10250
Starting task 10300
Starting task 10350
Starting task 10400
Starting task 10450
Starting task 10500
Starting task 10550
Starting task 10600
Starting task 10650
Starting task 10700
Starting task 10750
Starting task 10800
Starting task 10850
Starting task 10900
Starting task 10950
Starting task 11000
Starting task 11050
Starting task 11100
Starting task 11150
Starting task 11200
Starting task 11250
Starting task 11300
Starting task 11350
Starting task 11400
Starting task 11450
Starting task 11500
Starting task 11550
Starting task 11600
Starting task 11650
Starting task 11700
Starting task 11750
Starting task 11800
Starting task 11850
Starting task 11900
Starting task 11950
Starting task 12000
Starting task 12050
Starting task 12100
Starting task 12150
Starting task 12200
Starting task 12250
Starting task 12300
Starting task 12350
Starting task 12400
Starting task 12450
Starting task 12500
Starting task 12550
Starting task 12600
Starting task 12650
Starting task 12700
Starting task 12750
Starting task 12800
Starting task 12850
Starting task 12900
Starting task 12950
Starting task 13000
Starting task 13050
Starting task 13100
Starting task 13150
Starting task 13200
Starting task 13250
Starting task 13300
Starting task 13350
Starting task 13400
Starting task 13450
Starting task 13500
Starting task 13550
Starting task 13600
Starting task 13650
Starting task 13700
Starting task 13750
Starting task 13800
Starting task 13850
Starting task 13900
Starting task 13950
Starting task 14000
Starting task 14050
Starting task 14100
Starting task 14150
Starting task 14200
Starting task 14250
Starting task 14300
Starting task 14350
Starting task 14400
Starting task 14450
Starting task 14500
Starting task 14550
Starting task 14600
Starting task 14650
Starting task 14700
Starting task 14750
Starting task 14800
Starting task 14850
Starting task 14900
Starting task 14950
Starting task 15000
Starting task 15050
Starting task 15100
Starting task 15150
Starting task 15200
Starting task 15250
Starting task 15300
Starting task 15350
Starting task 15400
Starting task 15450
Starting task 15500
Starting task 15550
Starting task 15600
Starting task 15650
Starting task 15700
Starting task 15750
Starting task 15800
Starting task 15850
Starting task 15900
Starting task 15950
Starting task 16000
Starting task 16050
Starting task 16100
Starting task 16150
Starting task 16200
Starting task 16250
Starting task 16300
Starting task 16350
Starting task 16400
Starting task 16450
Starting task 16500
Starting task 16550
Starting task 16600
Starting task 16650
Starting task 16700
Starting task 16750
Starting task 16800
Starting task 16850
Starting task 16900
Starting task 16950
Starting task 17000
Starting task 17050
Starting task 17100
Starting task 17150
Starting task 17200
Starting task 17250
Starting task 17300
Starting task 17350
Starting task 17400
Starting task 17450
Starting task 17500
Starting task 17550
Starting task 17600
Starting task 17650
Starting task 17700
Starting task 17750
Starting task 17800
Starting task 17850
Starting task 17900
Starting task 17950
Starting task 18000
Starting task 18050
Starting task 18100
Starting task 18150
Starting task 18200
Starting task 18250
Starting task 18300
Starting task 18350
Starting task 18400
Starting task 18450
Starting task 18500
Starting task 18550
Starting task 18600
Starting task 18650
Starting task 18700
Starting task 18750
Starting task 18800
Starting task 18850
Starting task 18900
Starting task 18950
Starting task 19000
Starting task 19050
Starting task 19100
Starting task 19150
Starting task 19200
Starting task 19250
Starting task 19300
Starting task 19350
Starting task 19400
Starting task 19450
Starting task 19500
Starting task 19550
Starting task 19600
Starting task 19650
Starting task 19700
Starting task 19750
Starting task 19800
Starting task 19850
Starting task 19900
Starting task 19950
Starting task 20000
Starting task 20050
Starting task 20100
Starting task 20150
Starting task 20200
Starting task 20250
Starting task 20300
Starting task 20350
Starting task 20400
Starting task 20450
Starting task 20500
Starting task 20550
Starting task 20600
Starting task 20650
Starting task 20700
Starting task 20750
Starting task 20800
Starting task 20850
Starting task 20900
Starting task 20950
Starting task 21000
Starting task 21050
Starting task 21100
Starting task 21150
Starting task 21200
Starting task 21250
Starting task 21300
Starting task 21350
Starting task 21400
Starting task 21450
Starting task 21500
Starting task 21550
Starting task 21600
Starting task 21650
Starting task 21700
Starting task 21750
Starting task 21800
Starting task 21850
Starting task 21900
Starting task 21950
Starting task 22000
Starting task 22050
Starting task 22100
Starting task 22150
Starting task 22200
Starting task 22250
Starting task 22300
Starting task 22350
Starting task 22400
Starting task 22450
Starting task 22500
Starting task 22550
Starting task 22600
Starting task 22650
Starting task 22700
Starting task 22750
Starting task 22800
Starting task 22850
Starting task 22900
Starting task 22950
Starting task 23000
Starting task 23050
Starting task 23100
Starting task 23150
Starting task 23200
Starting task 23250
Starting task 23300
Starting task 23350
Starting task 23400
Starting task 23450
Starting task 23500
Starting task 23550
Starting task 23600
Starting task 23650
Starting task 23700
Starting task 23750
Starting task 23800
Starting task 23850
Starting task 23900
Starting task 23950
Starting task 24000
Starting task 24050
Starting task 24100
Starting task 24150
Starting task 24200
Starting task 24250
Starting task 24300
Starting task 24350
Starting task 24400
Starting task 24450
Starting task 24500
Starting task 24550
Starting task 24600
Starting task 24650
Starting task 24700
Starting task 24750
Starting task 24800
Starting task 24850
Starting task 24900
Starting task 24950
Starting task 25000
Starting task 25050
Starting task 25100
Starting task 25150
Starting task 25200
Starting task 25250
Starting task 25300
Starting task 25350
Starting task 25400
Starting task 25450
Starting task 25500
Starting task 25550
Starting task 25600
Starting task 25650
Starting task 25700
Starting task 25750
Starting task 25800
Starting task 25850
Starting task 25900
Starting task 25950
Starting task 26000
Starting task 26050
Starting task 26100
Starting task 26150
Starting task 26200
Starting task 26250
Starting task 26300
Starting task 26350
Starting task 26400
Starting task 26450
Starting task 26500
Starting task 26550
Starting task 26600
Starting task 26650
Starting task 26700
Starting task 26750
Starting task 26800
Starting task 26850
Starting task 26900
Starting task 26950
Starting task 27000
Starting task 27050
Starting task 27100
Starting task 27150
Starting task 27200
Starting task 27250
Starting task 27300
Starting task 27350
Starting task 27400
Starting task 27450
Starting task 27500
Starting task 27550
Starting task 27600
Starting task 27650
Starting task 27700
Starting task 27750
Starting task 27800
Starting task 27850
Starting task 27900
Starting task 27950
Starting task 28000
Starting task 28050
Starting task 28100
Starting task 28150
Starting task 28200
Starting task 28250
Starting task 28300
Starting task 28350
Starting task 28400
Starting task 28450
Starting task 28500
Starting task 28550
Starting task 28600
Starting task 28650
Starting task 28700
Starting task 28750
Starting task 28800
Starting task 28850
Starting task 28900
Starting task 28950
Starting task 29000
Starting task 29050
Starting task 29100
Starting task 29150
Starting task 29200
Starting task 29250
Starting task 29300
Starting task 29350
Starting task 29400
Starting task 29450
Starting task 29500
Starting task 29550
Starting task 29600
Starting task 29650
Starting task 29700
Starting task 29750
Starting task 29800
Starting task 29850
Starting task 29900
Starting task 29950
Starting task 30000
Starting task 30050
Starting task 30100
Starting task 30150
Starting task 30200
Starting task 30250
Starting task 30300
Starting task 30350
Starting task 30400
Starting task 30450
Starting task 30500
Starting task 30550
Starting task 30600
Starting task 30650
Starting task 30700
Starting task 30750
Starting task 30800
Starting task 30850
Starting task 30900
Starting task 30950
Starting task 31000
Starting task 31050
Starting task 31100
Starting task 31150
Starting task 31200
Starting task 31250
Starting task 31300
Starting task 31350
Starting task 31400
Starting task 31450
Starting task 31500
Starting task 31550
Starting task 31600
Starting task 31650
Starting task 31700
Starting task 31750
Starting task 31800
Starting task 31850
Starting task 31900
Starting task 31950
Starting task 32000
Starting task 32050
Starting task 32100
Starting task 32150
Starting task 32200
Starting task 32250
Starting task 32300
Starting task 32350
Starting task 32400
Starting task 32450
Starting task 32500
Starting task 32550
Starting task 32600
Starting task 32650
Starting task 32700
Starting task 32750
Starting task 32800
Starting task 32850
Starting task 32900
Starting task 32950
Starting task 33000
Starting task 33050
Starting task 33100
Starting task 33150
Starting task 33200
Starting task 33250
Starting task 33300
Starting task 33350
Starting task 33400
Starting task 33450
Starting task 33500
Starting task 33550
Starting task 33600
Starting task 33650
Starting task 33700
Starting task 33750
Starting task 33800
Starting task 33850
Starting task 33900
Starting task 33950
Starting task 34000
Starting task 34050
Starting task 34100
Starting task 34150
Starting task 34200
Starting task 34250
Starting task 34300
Starting task 34350
Starting task 34400
Starting task 34450
Starting task 34500
Starting task 34550
Starting task 34600
Starting task 34650
Starting task 34700
Starting task 34750
Starting task 34800
Starting task 34850
Starting task 34900
Starting task 34950
Starting task 35000
Starting task 35050
Starting task 35100
Starting task 35150
Starting task 35200
Starting task 35250
Starting task 35300
Starting task 35350
Starting task 35400
Starting task 35450
Starting task 35500
Starting task 35550
Starting task 35600
Starting task 35650
Starting task 35700
Starting task 35750
Starting task 35800
Starting task 35850
Starting task 35900
Starting task 35950
Starting task 36000
Starting task 36050
Starting task 36100
Starting task 36150
Starting task 36200
Starting task 36250
Starting task 36300
Starting task 36350
Starting task 36400
Starting task 36450
Starting task 36500
Starting task 36550
Starting task 36600
Starting task 36650
Starting task 36700
Starting task 36750
Starting task 36800
Starting task 36850
Starting task 36900
Starting task 36950
Starting task 37000
Starting task 37050
Starting task 37100
Starting task 37150
Starting task 37200
Starting task 37250
Starting task 37300
Starting task 37350
Starting task 37400
Starting task 37450
Starting task 37500
Starting task 37550
Starting task 37600
Starting task 37650
Starting task 37700
Starting task 37750
Starting task 37800
Starting task 37850
Starting task 37900
Starting task 37950
Starting task 38000
Starting task 38050
Starting task 38100
Starting task 38150
Starting task 38200
Starting task 38250
Starting task 38300
Starting task 38350
Starting task 38400
Starting task 38450
Starting task 38500
Starting task 38550
Starting task 38600
Starting task 38650
Starting task 38700
Starting task 38750
Starting task 38800
Starting task 38850
Starting task 38900
Starting task 38950
Starting task 39000
Starting task 39050
Starting task 39100
Starting task 39150
Starting task 39200
Starting task 39250
Starting task 39300
Starting task 39350
Starting task 39400
Starting task 39450
Starting task 39500
Starting task 39550
Starting task 39600
Starting task 39650
Starting task 39700
Starting task 39750
Starting task 39800
Starting task 39850
Starting task 39900
Starting task 39950
Starting task 40000
Starting task 40050
Starting task 40100
Starting task 40150
Starting task 40200
Starting task 40250
Starting task 40300
Starting task 40350
Starting task 40400
Starting task 40450
Starting task 40500
Starting task 40550
Starting task 40600
Starting task 40650
Starting task 40700
Starting task 40750
Starting task 40800
Starting task 40850
Starting task 40900
Starting task 40950
Starting task 41000
Starting task 41050
Starting task 41100
Starting task 41150
Starting task 41200
Starting task 41250
Starting task 41300
Starting task 41350
Starting task 41400
Starting task 41450
Starting task 41500
Starting task 41550
Starting task 41600
Starting task 41650
Starting task 41700
Starting task 41750
Starting task 41800
Starting task 41850
Starting task 41900
Starting task 41950
Starting task 42000
Starting task 42050
Starting task 42100
Starting task 42150
Starting task 42200
Starting task 42250
Starting task 42300
Starting task 42350
Starting task 42400
Starting task 42450
Starting task 42500
Starting task 42550
Starting task 42600
Starting task 42650
Starting task 42700
Starting task 42750
Starting task 42800
Starting task 42850
Starting task 42900
Starting task 42950
Starting task 43000
Starting task 43050
Starting task 43100
Starting task 43150
Starting task 43200
Starting task 43250
Starting task 43300
Starting task 43350
Starting task 43400
Starting task 43450
Starting task 43500
Starting task 43550
Starting task 43600
Starting task 43650
Starting task 43700
Starting task 43750
Starting task 43800
Starting task 43850
Starting task 43900
Starting task 43950
Starting task 44000
Starting task 44050
Starting task 44100
Starting task 44150
Starting task 44200
Starting task 44250
Starting task 44300
Starting task 44350
Starting task 44400
Starting task 44450
Starting task 44500
Starting task 44550
Starting task 44600
Starting task 44650
Starting task 44700
Starting task 44750
Starting task 44800
Starting task 44850
Starting task 44900
Starting task 44950
Starting task 45000
Starting task 45050
Starting task 45100
Starting task 45150
Starting task 45200
Starting task 45250
Starting task 45300
Starting task 45350
Starting task 45400
Starting task 45450
Starting task 45500
Starting task 45550
Starting task 45600
Starting task 45650
Starting task 45700
Starting task 45750
Starting task 45800
Starting task 45850
Starting task 45900
Starting task 45950
Starting task 46000
Starting task 46050
Starting task 46100
Starting task 46150
Starting task 46200
Starting task 46250
Starting task 46300
Starting task 46350
Starting task 46400
Starting task 46450
Starting task 46500
Starting task 46550
Starting task 46600
Starting task 46650
Starting task 46700
Starting task 46750
Starting task 46800
Starting task 46850
Starting task 46900
Starting task 46950
Starting task 47000
Starting task 47050
Starting task 47100
Starting task 47150
Starting task 47200
Starting task 47250
Starting task 47300
Starting task 47350
Starting task 47400
Starting task 47450
Starting task 47500
Starting task 47550
Starting task 47600
Starting task 47650
Starting task 47700
Starting task 47750
Starting task 47800
Starting task 47850
Starting task 47900
Starting task 47950
Starting task 48000
Starting task 48050
Starting task 48100
Starting task 48150
Starting task 48200
Starting task 48250
Starting task 48300
Starting task 48350
Starting task 48400
Starting task 48450
Starting task 48500
Starting task 48550
Starting task 48600
Starting task 48650
Starting task 48700
Starting task 48750
Starting task 48800
Starting task 48850
Starting task 48900
Starting task 48950
Starting task 49000
Starting task 49050
Starting task 49100
Starting task 49150
Starting task 49200
Starting task 49250
Starting task 49300
Starting task 49350
Starting task 49400
Starting task 49450
Starting task 49500
Starting task 49550
Starting task 49600
Starting task 49650
Starting task 49700
Starting task 49750
Starting task 49800
Starting task 49850
Starting task 49900
Starting task 49950
Starting task 50000
Starting task 50050
Starting task 50100
Starting task 50150
Starting task 50200
Starting task 50250
Starting task 50300
Starting task 50350
Starting task 50400
Starting task 50450
Starting task 50500
Starting task 50550
Starting task 50600
Starting task 50650
Starting task 50700
Starting task 50750
Starting task 50800
Starting task 50850
Starting task 50900
Starting task 50950
Starting task 51000
Starting task 51050
Starting task 51100
Starting task 51150
Starting task 51200
Starting task 51250
Starting task 51300
Starting task 51350
Starting task 51400
Starting task 51450
Starting task 51500
Starting task 51550
Starting task 51600
Starting task 51650
Starting task 51700
Starting task 51750
Starting task 51800
Starting task 51850
Starting task 51900
Starting task 51950
Starting task 52000
Starting task 52050
Starting task 52100
Starting task 52150
Starting task 52200
Starting task 52250
Starting task 52300
Starting task 52350
Starting task 52400
Starting task 52450
Starting task 52500
Starting task 52550
Starting task 52600
Starting task 52650
Starting task 52700
Starting task 52750
Starting task 52800
Starting task 52850
Starting task 52900
Starting task 52950
Starting task 53000
Starting task 53050
Starting task 53100
Starting task 53150
Starting task 53200
Starting task 53250
Starting task 53300
Starting task 53350
Starting task 53400
Starting task 53450
Starting task 53500
Starting task 53550
Starting task 53600
Starting task 53650
Starting task 53700
Starting task 53750
Starting task 53800
Starting task 53850
Starting task 53900
Starting task 53950
Starting task 54000
Starting task 54050
Starting task 54100
Starting task 54150
Starting task 54200
Starting task 54250
Starting task 54300
Starting task 54350
Starting task 54400
Starting task 54450
Starting task 54500
Starting task 54550
Starting task 54600
Starting task 54650
Starting task 54700
Starting task 54750
Starting task 54800
Starting task 54850
Starting task 54900
Starting task 54950
Starting task 55000
Starting task 55050
Starting task 55100
Starting task 55150
Starting task 55200
Starting task 55250
Starting task 55300
Starting task 55350
Starting task 55400
Starting task 55450
Starting task 55500
Starting task 55550
Starting task 55600
Starting task 55650
Starting task 55700
Starting task 55750
Starting task 55800
Starting task 55850
Starting task 55900
Starting task 55950
Starting task 56000
Starting task 56050
Starting task 56100
Starting task 56150
Starting task 56200
Starting task 56250
Starting task 56300
Starting task 56350
Starting task 56400
Starting task 56450
Starting task 56500
Starting task 56550
Starting task 56600
Starting task 56650
Starting task 56700
Starting task 56750
Starting task 56800
Starting task 56850
Starting task 56900
Starting task 56950
Starting task 57000
Starting task 57050
Starting task 57100
Starting task 57150
Starting task 57200
Starting task 57250
Starting task 57300
Starting task 57350
Starting task 57400
Starting task 57450
Starting task 57500
Starting task 57550
Starting task 57600
Starting task 57650
Starting task 57700
Starting task 57750
Starting task 57800
Starting task 57850
Starting task 57900
Starting task 57950
Starting task 58000
Starting task 58050
Starting task 58100
Starting task 58150
Starting task 58200
Starting task 58250
Starting task 58300
Starting task 58350
Starting task 58400
Starting task 58450
Starting task 58500
Starting task 58550
Starting task 58600
Starting task 58650
Starting task 58700
Starting task 58750
Starting task 58800
Starting task 58850
Starting task 58900
Starting task 58950
Starting task 59000
Starting task 59050
Starting task 59100
Starting task 59150
Starting task 59200
Starting task 59250
Starting task 59300
Starting task 59350
Starting task 59400
Starting task 59450
Starting task 59500
Starting task 59550
Starting task 59600
Starting task 59650
Starting task 59700
Starting task 59750
Starting task 59800
Starting task 59850
Starting task 59900
Starting task 59950
Starting task 60000
Starting task 60050
Starting task 60100
Starting task 60150
Starting task 60200
Starting task 60250
Starting task 60300
Starting task 60350
Starting task 60400
Starting task 60450
Starting task 60500
Starting task 60550
Starting task 60600
Starting task 60650
Starting task 60700
Starting task 60750
Starting task 60800
Starting task 60850
Starting task 60900
Starting task 60950
Starting task 61000
Starting task 61050
Starting task 61100
Starting task 61150
Starting task 61200
Starting task 61250
Starting task 61300
Starting task 61350
Starting task 61400
Starting task 61450
Starting task 61500
Starting task 61550
Starting task 61600
Starting task 61650
Starting task 61700
Starting task 61750
Starting task 61800
Starting task 61850
Starting task 61900
Starting task 61950
Starting task 62000
Starting task 62050
Starting task 62100
Starting task 62150
Starting task 62200
Starting task 62250
Starting task 62300
Starting task 62350
Starting task 62400
Starting task 62450
Starting task 62500
Starting task 62550
Starting task 62600
Starting task 62650
Starting task 62700
Starting task 62750
Starting task 62800
Starting task 62850
Starting task 62900
Starting task 62950
Starting task 63000
Starting task 63050
Starting task 63100
Starting task 63150
Starting task 63200
Starting task 63250
Starting task 63300
